2026-03-05T01:00:29.149126924Z [inf]  
2026-03-05T01:00:32.216686279Z [inf]  [35m[Region: europe-west4][0m
2026-03-05T01:00:32.219297476Z [inf]  [35m=========================
2026-03-05T01:00:32.219316624Z [inf]  Using Detected Dockerfile
2026-03-05T01:00:32.219319963Z [inf]  =========================
2026-03-05T01:00:32.219323052Z [inf]  [0m
2026-03-05T01:00:32.219332776Z [inf]  context: 3zd1-ESUD
2026-03-05T01:00:32.350598353Z [inf]  [internal] load build definition from Dockerfile
2026-03-05T01:00:32.350640267Z [inf]  [internal] load build definition from Dockerfile
2026-03-05T01:00:32.350652428Z [inf]  [internal] load build definition from Dockerfile
2026-03-05T01:00:32.364069885Z [inf]  [internal] load build definition from Dockerfile
2026-03-05T01:00:32.366343768Z [inf]  [internal] load metadata for docker.io/library/python:3.12-slim
2026-03-05T01:00:32.369340940Z [inf]  [auth] library/python:pull token for registry-1.docker.io
2026-03-05T01:00:32.369369225Z [inf]  [auth] library/python:pull token for registry-1.docker.io
2026-03-05T01:00:32.901883156Z [inf]  [internal] load metadata for docker.io/library/python:3.12-slim
2026-03-05T01:00:32.901990875Z [inf]  [internal] load .dockerignore
2026-03-05T01:00:32.902000266Z [inf]  [internal] load .dockerignore
2026-03-05T01:00:32.902135910Z [inf]  [internal] load .dockerignore
2026-03-05T01:00:32.916224014Z [inf]  [internal] load .dockerignore
2026-03-05T01:00:32.920291243Z [inf]  [7/7] COPY . .
2026-03-05T01:00:32.920313459Z [inf]  [6/7] RUN pip install --no-cache-dir -r requirements.txt
2026-03-05T01:00:32.920339522Z [inf]  [5/7] COPY requirements.txt .
2026-03-05T01:00:32.920346052Z [inf]  [internal] load build context
2026-03-05T01:00:32.920356977Z [inf]  [4/7] RUN wget -q -O - https://dl-ssl.google.com/linux/linux_signing_key.pub | apt-key add -     && echo "deb [arch=amd64] http://dl.google.com/linux/chrome/deb/ stable main" >> /etc/apt/sources.list.d/google-chrome.list     && apt-get update     && apt-get install -y google-chrome-stable     && rm -rf /var/lib/apt/lists/*
2026-03-05T01:00:32.920365555Z [inf]  [3/7] RUN apt-get update && apt-get install -y     wget     gnupg     unzip     curl     libnss3     libgconf-2-4     libfontconfig1     libxss1     libappindicator3-1     libasound2     libatk-bridge2.0-0     libatk1.0-0     libcups2     libdbus-1-3     libgdk-pixbuf2.0-0     libnspr4     libx11-xcb1     libxcomposite1     libxdamage1     libxrandr2     xdg-utils     fonts-liberation     libgbm1     && rm -rf /var/lib/apt/lists/*
2026-03-05T01:00:32.920387609Z [inf]  [2/7] WORKDIR /app
2026-03-05T01:00:32.920393315Z [inf]  [1/7] FROM docker.io/library/python:3.12-slim@sha256:ccc7089399c8bb65dd1fb3ed6d55efa538a3f5e7fca3f5988ac3b5b87e593bf0
2026-03-05T01:00:32.920403762Z [inf]  [1/7] FROM docker.io/library/python:3.12-slim@sha256:ccc7089399c8bb65dd1fb3ed6d55efa538a3f5e7fca3f5988ac3b5b87e593bf0
2026-03-05T01:00:32.920415329Z [inf]  [internal] load build context
2026-03-05T01:00:32.920424887Z [inf]  [internal] load build context
2026-03-05T01:00:32.927693800Z [inf]  [1/7] FROM docker.io/library/python:3.12-slim@sha256:ccc7089399c8bb65dd1fb3ed6d55efa538a3f5e7fca3f5988ac3b5b87e593bf0
2026-03-05T01:00:32.927793284Z [inf]  [1/7] FROM docker.io/library/python:3.12-slim@sha256:ccc7089399c8bb65dd1fb3ed6d55efa538a3f5e7fca3f5988ac3b5b87e593bf0
2026-03-05T01:00:32.927807870Z [inf]  [1/7] FROM docker.io/library/python:3.12-slim@sha256:ccc7089399c8bb65dd1fb3ed6d55efa538a3f5e7fca3f5988ac3b5b87e593bf0
2026-03-05T01:00:32.928882186Z [inf]  [2/7] WORKDIR /app
2026-03-05T01:00:32.929163304Z [inf]  [3/7] RUN apt-get update && apt-get install -y     wget     gnupg     unzip     curl     libnss3     libgconf-2-4     libfontconfig1     libxss1     libappindicator3-1     libasound2     libatk-bridge2.0-0     libatk1.0-0     libcups2     libdbus-1-3     libgdk-pixbuf2.0-0     libnspr4     libx11-xcb1     libxcomposite1     libxdamage1     libxrandr2     xdg-utils     fonts-liberation     libgbm1     && rm -rf /var/lib/apt/lists/*
2026-03-05T01:00:32.938700878Z [inf]  [internal] load build context
2026-03-05T01:00:33.052136772Z [inf]  Hit:1 http://deb.debian.org/debian trixie InRelease
Get:2 http://deb.debian.org/debian trixie-updates InRelease [47.3 kB]

2026-03-05T01:00:33.059440465Z [inf]  Get:3 http://deb.debian.org/debian-security trixie-security InRelease [43.4 kB]

2026-03-05T01:00:33.071635515Z [inf]  Get:4 http://deb.debian.org/debian trixie/main amd64 Packages [9670 kB]

2026-03-05T01:00:33.139702547Z [inf]  Get:5 http://deb.debian.org/debian trixie-updates/main amd64 Packages [5412 B]

2026-03-05T01:00:33.140037753Z [inf]  Get:6 http://deb.debian.org/debian-security trixie-security/main amd64 Packages [108 kB]

2026-03-05T01:00:33.907854817Z [inf]  Fetched 9875 kB in 1s (11.2 MB/s)
Reading package lists...
2026-03-05T01:00:34.352906235Z [inf]  

2026-03-05T01:00:34.369228577Z [inf]  Reading package lists...
2026-03-05T01:00:34.813490749Z [inf]  

2026-03-05T01:00:34.824490217Z [inf]  Building dependency tree...
2026-03-05T01:00:34.904088767Z [inf]  
Reading state information...
2026-03-05T01:00:34.904375064Z [inf]  

2026-03-05T01:00:34.915724458Z [inf]  Package libgdk-pixbuf2.0-0 is not available, but is referred to by another package.
This may mean that the package is missing, has been obsoleted, or
is only available from another source
However the following packages replace it:
  libgdk-pixbuf-xlib-2.0-0


2026-03-05T01:00:34.918191085Z [inf]  E: Unable to locate package libgconf-2-4
E: Package 'libgdk-pixbuf2.0-0' has no installation candidate

2026-03-05T01:00:34.940254983Z [err]  [3/7] RUN apt-get update && apt-get install -y     wget     gnupg     unzip     curl     libnss3     libgconf-2-4     libfontconfig1     libxss1     libappindicator3-1     libasound2     libatk-bridge2.0-0     libatk1.0-0     libcups2     libdbus-1-3     libgdk-pixbuf2.0-0     libnspr4     libx11-xcb1     libxcomposite1     libxdamage1     libxrandr2     xdg-utils     fonts-liberation     libgbm1     && rm -rf /var/lib/apt/lists/*
2026-03-05T01:00:34.953576688Z [err]  Dockerfile:8
2026-03-05T01:00:34.953592829Z [err]  -------------------
2026-03-05T01:00:34.953596816Z [err]  7 |     # Install system dependencies for Chrome and Selenium
2026-03-05T01:00:34.953600493Z [err]  8 | >>> RUN apt-get update && apt-get install -y \
2026-03-05T01:00:34.953605052Z [err]  9 | >>>     wget \
2026-03-05T01:00:34.953608298Z [err]  10 | >>>     gnupg \
2026-03-05T01:00:34.953611701Z [err]  11 | >>>     unzip \
2026-03-05T01:00:34.953620809Z [err]  12 | >>>     curl \
2026-03-05T01:00:34.953624814Z [err]  13 | >>>     # Chrome dependencies
2026-03-05T01:00:34.953627867Z [err]  14 | >>>     libnss3 \
2026-03-05T01:00:34.953631180Z [err]  15 | >>>     libgconf-2-4 \
2026-03-05T01:00:34.953634470Z [err]  16 | >>>     libfontconfig1 \
2026-03-05T01:00:34.953637850Z [err]  17 | >>>     libxss1 \
2026-03-05T01:00:34.953640966Z [err]  18 | >>>     libappindicator3-1 \
2026-03-05T01:00:34.953644072Z [err]  19 | >>>     libasound2 \
2026-03-05T01:00:34.953647078Z [err]  20 | >>>     libatk-bridge2.0-0 \
2026-03-05T01:00:34.953650296Z [err]  21 | >>>     libatk1.0-0 \
2026-03-05T01:00:34.953653549Z [err]  22 | >>>     libcups2 \
2026-03-05T01:00:34.953656655Z [err]  23 | >>>     libdbus-1-3 \
2026-03-05T01:00:34.953659857Z [err]  24 | >>>     libgdk-pixbuf2.0-0 \
2026-03-05T01:00:34.953662690Z [err]  25 | >>>     libnspr4 \
2026-03-05T01:00:34.953665653Z [err]  26 | >>>     libx11-xcb1 \
2026-03-05T01:00:34.953668813Z [err]  27 | >>>     libxcomposite1 \
2026-03-05T01:00:34.953671669Z [err]  28 | >>>     libxdamage1 \
2026-03-05T01:00:34.953674647Z [err]  29 | >>>     libxrandr2 \
2026-03-05T01:00:34.953677563Z [err]  30 | >>>     xdg-utils \
2026-03-05T01:00:34.953680772Z [err]  31 | >>>     fonts-liberation \
2026-03-05T01:00:34.953683660Z [err]  32 | >>>     libgbm1 \
2026-03-05T01:00:34.953687272Z [err]  33 | >>>     && rm -rf /var/lib/apt/lists/*
2026-03-05T01:00:34.953690589Z [err]  34 |
2026-03-05T01:00:34.953693508Z [err]  -------------------
2026-03-05T01:00:34.953698753Z [err]  ERROR: failed to build: failed to solve: process "/bin/sh -c apt-get update && apt-get install -y     wget     gnupg     unzip     curl     libnss3     libgconf-2-4     libfontconfig1     libxss1     libappindicator3-1     libasound2     libatk-bridge2.0-0     libatk1.0-0     libcups2     libdbus-1-3     libgdk-pixbuf2.0-0     libnspr4     libx11-xcb1     libxcomposite1     libxdamage1     libxrandr2     xdg-utils     fonts-liberation     libgbm1     && rm -rf /var/lib/apt/lists/*" did not complete successfully: exit code: 100